Build started 27-May-16 2:08:26 PM.
     1>Project "E:\Mine\Visual C++\MediaHotKey\MediaHotKey\MediaHotKey.vcxproj" on node 2 (build target(s)).
     1>InitializeBuildStatus:
         Creating "Release\MediaHotKey.unsuccessfulbuild" because "AlwaysCreate" was specified.
       ClCompile:
         F:\Installed_Softwares\Microsoft Visual Studio 10.0\VC\bin\CL.exe /c /Zi /nologo /W3 /WX- /O2 /Oi /Oy- /GL /D _MBCS /Gm- /EHsc /MD /GS /Gy /fp:precise /Zc:wchar_t /Zc:forScope /Fo"Release\\" /Fd"Release\vc100.pdb" /Gd /TP /analyze- /errorReport:prompt MediaHotKey.cpp
         MediaHotKey.cpp
     1>MediaHotKey.cpp(23): warning C4007: 'WinMain' : must be '__stdcall'
       Link:
         F:\Installed_Softwares\Microsoft Visual Studio 10.0\VC\bin\link.exe /ERRORREPORT:PROMPT /OUT:"E:\Mine\Visual C++\MediaHotKey\Release\MediaHotKey.exe" /NOLOGO kernel32.lib user32.lib gdi32.lib winspool.lib comdlg32.lib advapi32.lib shell32.lib ole32.lib oleaut32.lib uuid.lib odbc32.lib odbccp32.lib /MANIFEST /ManifestFile:"Release\MediaHotKey.exe.intermediate.manifest" /MANIFESTUAC:"level='asInvoker' uiAccess='false'" /DEBUG /PDB:"E:\Mine\Visual C++\MediaHotKey\Release\MediaHotKey.pdb" /OPT:REF /OPT:ICF /LTCG /TLBID:1 /DYNAMICBASE /NXCOMPAT /IMPLIB:"E:\Mine\Visual C++\MediaHotKey\Release\MediaHotKey.lib" /MACHINE:X86 Release\MediaHotKey.obj
         Generating code
         Finished generating code
         MediaHotKey.vcxproj -> E:\Mine\Visual C++\MediaHotKey\Release\MediaHotKey.exe
       Manifest:
         C:\Program Files (x86)\Microsoft SDKs\Windows\v7.0A\bin\mt.exe /nologo /verbose /outputresource:"E:\Mine\Visual C++\MediaHotKey\Release\MediaHotKey.exe;#1" /manifest Release\MediaHotKey.exe.intermediate.manifest
       FinalizeBuildStatus:
         Deleting file "Release\MediaHotKey.unsuccessfulbuild".
         Touching "Release\MediaHotKey.lastbuildstate".
     1>Done Building Project "E:\Mine\Visual C++\MediaHotKey\MediaHotKey\MediaHotKey.vcxproj" (build target(s)).

Build succeeded.

Time Elapsed 00:00:05.20
